d:\myfirstqt_vs\myfirstqt_vs\x64\debug\vc142.pdb
d:\myfirstqt_vs\myfirstqt_vs\x64\debug\qrc_myfirstqt_vs.obj
d:\myfirstqt_vs\myfirstqt_vs\x64\debug\myfirstqt_vs.obj
d:\myfirstqt_vs\myfirstqt_vs\x64\debug\main.obj
d:\myfirstqt_vs\myfirstqt_vs\x64\debug\moc_myfirstqt_vs.obj
d:\myfirstqt_vs\x64\debug\myfirstqt_vs.exe
d:\myfirstqt_vs\x64\debug\myfirstqt_vs.ilk
d:\myfirstqt_vs\x64\debug\myfirstqt_vs.pdb
d:\myfirstqt_vs\myfirstqt_vs\x64\debug\moc\moc_myfirstqt_vs.cpp
d:\myfirstqt_vs\myfirstqt_vs\x64\debug\uic\ui_myfirstqt_vs.h
d:\myfirstqt_vs\myfirstqt_vs\x64\debug\rcc\qrc_myfirstqt_vs.cpp
d:\myfirstqt_vs\myfirstqt_vs\x64\debug\myfirstqt_vs.tlog\cl.command.1.tlog
d:\myfirstqt_vs\myfirstqt_vs\x64\debug\myfirstqt_vs.tlog\cl.read.1.tlog
d:\myfirstqt_vs\myfirstqt_vs\x64\debug\myfirstqt_vs.tlog\cl.write.1.tlog
d:\myfirstqt_vs\myfirstqt_vs\x64\debug\myfirstqt_vs.tlog\link.command.1.tlog
d:\myfirstqt_vs\myfirstqt_vs\x64\debug\myfirstqt_vs.tlog\link.read.1.tlog
d:\myfirstqt_vs\myfirstqt_vs\x64\debug\myfirstqt_vs.tlog\link.write.1.tlog
d:\myfirstqt_vs\myfirstqt_vs\x64\debug\myfirstqt_vs.tlog\moc.read.1u.tlog
d:\myfirstqt_vs\myfirstqt_vs\x64\debug\myfirstqt_vs.tlog\moc.write.1u.tlog
d:\myfirstqt_vs\myfirstqt_vs\x64\debug\myfirstqt_vs.tlog\myfirstqt_vs.write.1u.tlog
d:\myfirstqt_vs\myfirstqt_vs\x64\debug\myfirstqt_vs.tlog\rcc.read.1u.tlog
d:\myfirstqt_vs\myfirstqt_vs\x64\debug\myfirstqt_vs.tlog\rcc.write.1u.tlog
d:\myfirstqt_vs\myfirstqt_vs\x64\debug\myfirstqt_vs.tlog\uic.read.1u.tlog
d:\myfirstqt_vs\myfirstqt_vs\x64\debug\myfirstqt_vs.tlog\uic.write.1u.tlog
